<?xml version="1.0" encoding="UTF-8"?>
<testng-results skipped="0" failed="0" ignored="0" total="0" passed="0">
  <reporter-output>
  </reporter-output>
  <suite name="com.learning.tests.LoginPageTest" duration-ms="10" started-at="2021-02-09T08:53:52 IST" finished-at="2021-02-09T08:53:52 IST">
    <groups>
    </groups>
    <test name="Command line test" duration-ms="10" started-at="2021-02-09T08:53:52 IST" finished-at="2021-02-09T08:53:52 IST">
    </test> <!-- Command line test -->
  </suite> <!-- com.learning.tests.LoginPageTest -->
</testng-results>
