<?xml version="1.0" encoding="UTF-8"?>
<!-- Generated by org.testng.reporters.JUnitXMLReporter -->
<testsuite hostname="Surekha-PC" ignored="1" name="DryTest" tests="2" failures="0" timestamp="2021-02-18T12:04:57 IST" time="22.242" errors="0">
  <testcase name="verifyLogin" time="5.143" classname="com.learning.tests.LoginPageTest"/>
  <testcase name="verifyPageTitleAfterLogin" time="4.219" classname="com.learning.tests.LoginPageTest"/>
  <testcase name="dummyTest" time="0.0" classname="com.learning.tests.LoginPageTest">
    <ignored/>
  </testcase> <!-- dummyTest -->
</testsuite> <!-- DryTest -->
